This is pdfTeX, Version 3.1415926-2.4-1.40.13 (TeX Live 2012) (format=pdflatex 2012.6.30)  15 MAR 2013 20:17
entering extended mode
 restricted \write18 enabled.
 %&-line parsing enabled.
**finalReport.tex
(./finalReport.tex
LaTeX2e <2011/06/27>
Babel <v3.8m> and hyphenation patterns for english, dumylang, nohyphenation, ge
rman-x-2012-05-30, ngerman-x-2012-05-30, afrikaans, ancientgreek, ibycus, arabi
c, armenian, basque, bulgarian, catalan, pinyin, coptic, croatian, czech, danis
h, dutch, ukenglish, usenglishmax, esperanto, estonian, ethiopic, farsi, finnis
h, french, friulan, galician, german, ngerman, swissgerman, monogreek, greek, h
ungarian, icelandic, assamese, bengali, gujarati, hindi, kannada, malayalam, ma
rathi, oriya, panjabi, tamil, telugu, indonesian, interlingua, irish, italian, 
kurmanji, latin, latvian, lithuanian, mongolian, mongolianlmc, bokmal, nynorsk,
 polish, portuguese, romanian, romansh, russian, sanskrit, serbian, serbianc, s
lovak, slovenian, spanish, swedish, turkish, turkmen, ukrainian, uppersorbian, 
welsh, loaded.
(/usr/local/texlive/2012/texmf-dist/tex/latex/base/article.cls
Document Class: article 2007/10/19 v1.4h Standard LaTeX document class
(/usr/local/texlive/2012/texmf-dist/tex/latex/base/size10.clo
File: size10.clo 2007/10/19 v1.4h Standard LaTeX file (size option)
)
\c@part=\count79
\c@section=\count80
\c@subsection=\count81
\c@subsubsection=\count82
\c@paragraph=\count83
\c@subparagraph=\count84
\c@figure=\count85
\c@table=\count86
\abovecaptionskip=\skip41
\belowcaptionskip=\skip42
\bibindent=\dimen102
)
(/usr/local/texlive/2012/texmf-dist/tex/latex/tools/array.sty
Package: array 2008/09/09 v2.4c Tabular extension package (FMi)
\col@sep=\dimen103
\extrarowheight=\dimen104
\NC@list=\toks14
\extratabsurround=\skip43
\backup@length=\skip44
)
(/usr/local/texlive/2012/texmf-dist/tex/latex/preprint/fullpage.sty
Package: fullpage 1999/02/23 1.1 (PWD)
\FP@margin=\skip45
)
(/usr/local/texlive/2012/texmf-dist/tex/latex/amsfonts/amssymb.sty
Package: amssymb 2009/06/22 v3.00

(/usr/local/texlive/2012/texmf-dist/tex/latex/amsfonts/amsfonts.sty
Package: amsfonts 2009/06/22 v3.00 Basic AMSFonts support
\@emptytoks=\toks15
\symAMSa=\mathgroup4
\symAMSb=\mathgroup5
LaTeX Font Info:    Overwriting math alphabet `\mathfrak' in version `bold'
(Font)                  U/euf/m/n --> U/euf/b/n on input line 96.
))
(/usr/local/texlive/2012/texmf-dist/tex/latex/amsmath/amsmath.sty
Package: amsmath 2000/07/18 v2.13 AMS math features
\@mathmargin=\skip46

For additional information on amsmath, use the `?' option.
(/usr/local/texlive/2012/texmf-dist/tex/latex/amsmath/amstext.sty
Package: amstext 2000/06/29 v2.01

(/usr/local/texlive/2012/texmf-dist/tex/latex/amsmath/amsgen.sty
File: amsgen.sty 1999/11/30 v2.0
\@emptytoks=\toks16
\ex@=\dimen105
))
(/usr/local/texlive/2012/texmf-dist/tex/latex/amsmath/amsbsy.sty
Package: amsbsy 1999/11/29 v1.2d
\pmbraise@=\dimen106
)
(/usr/local/texlive/2012/texmf-dist/tex/latex/amsmath/amsopn.sty
Package: amsopn 1999/12/14 v2.01 operator names
)
\inf@bad=\count87
LaTeX Info: Redefining \frac on input line 211.
\uproot@=\count88
\leftroot@=\count89
LaTeX Info: Redefining \overline on input line 307.
\classnum@=\count90
\DOTSCASE@=\count91
LaTeX Info: Redefining \ldots on input line 379.
LaTeX Info: Redefining \dots on input line 382.
LaTeX Info: Redefining \cdots on input line 467.
\Mathstrutbox@=\box26
\strutbox@=\box27
\big@size=\dimen107
LaTeX Font Info:    Redeclaring font encoding OML on input line 567.
LaTeX Font Info:    Redeclaring font encoding OMS on input line 568.
\macc@depth=\count92
\c@MaxMatrixCols=\count93
\dotsspace@=\muskip10
\c@parentequation=\count94
\dspbrk@lvl=\count95
\tag@help=\toks17
\row@=\count96
\column@=\count97
\maxfields@=\count98
\andhelp@=\toks18
\eqnshift@=\dimen108
\alignsep@=\dimen109
\tagshift@=\dimen110
\tagwidth@=\dimen111
\totwidth@=\dimen112
\lineht@=\dimen113
\@envbody=\toks19
\multlinegap=\skip47
\multlinetaggap=\skip48
\mathdisplay@stack=\toks20
LaTeX Info: Redefining \[ on input line 2666.
LaTeX Info: Redefining \] on input line 2667.
)
(/usr/local/texlive/2012/texmf-dist/tex/latex/tools/enumerate.sty
Package: enumerate 1999/03/05 v3.00 enumerate extensions (DPC)
\@enLab=\toks21
)
(/usr/local/texlive/2012/texmf-dist/tex/latex/graphics/graphicx.sty
Package: graphicx 1999/02/16 v1.0f Enhanced LaTeX Graphics (DPC,SPQR)

(/usr/local/texlive/2012/texmf-dist/tex/latex/graphics/keyval.sty
Package: keyval 1999/03/16 v1.13 key=value parser (DPC)
\KV@toks@=\toks22
)
(/usr/local/texlive/2012/texmf-dist/tex/latex/graphics/graphics.sty
Package: graphics 2009/02/05 v1.0o Standard LaTeX Graphics (DPC,SPQR)

(/usr/local/texlive/2012/texmf-dist/tex/latex/graphics/trig.sty
Package: trig 1999/03/16 v1.09 sin cos tan (DPC)
)
(/usr/local/texlive/2012/texmf-dist/tex/latex/latexconfig/graphics.cfg
File: graphics.cfg 2010/04/23 v1.9 graphics configuration of TeX Live
)
Package graphics Info: Driver file: pdftex.def on input line 91.

(/usr/local/texlive/2012/texmf-dist/tex/latex/pdftex-def/pdftex.def
File: pdftex.def 2011/05/27 v0.06d Graphics/color for pdfTeX

(/usr/local/texlive/2012/texmf-dist/tex/generic/oberdiek/infwarerr.sty
Package: infwarerr 2010/04/08 v1.3 Providing info/warning/error messages (HO)
)
(/usr/local/texlive/2012/texmf-dist/tex/generic/oberdiek/ltxcmds.sty
Package: ltxcmds 2011/11/09 v1.22 LaTeX kernel commands for general use (HO)
)
\Gread@gobject=\count99
))
\Gin@req@height=\dimen114
\Gin@req@width=\dimen115
)
(/usr/local/texlive/2012/texmf-dist/tex/latex/url/url.sty
\Urlmuskip=\muskip11
Package: url 2006/04/12  ver 3.3  Verb mode for urls, etc.
)
(/usr/local/texlive/2012/texmf-dist/tex/latex/multirow/multirow.sty
\bigstrutjot=\dimen116
)
(/usr/local/texlive/2012/texmf-dist/tex/latex/rotating/rotating.sty
Package: rotating 2009/03/28 v2.16a rotated objects in LaTeX

(/usr/local/texlive/2012/texmf-dist/tex/latex/base/ifthen.sty
Package: ifthen 2001/05/26 v1.1c Standard LaTeX ifthen package (DPC)
)
\c@r@tfl@t=\count100
\rotFPtop=\skip49
\rotFPbot=\skip50
\rot@float@box=\box28
\rot@mess@toks=\toks23
)
(/usr/local/texlive/2012/texmf-dist/tex/latex/mdwtools/footnote.sty
Package: footnote 1997/01/28 1.13 Save footnotes around boxes
\fn@notes=\box29
\fn@width=\dimen117
)
(/usr/local/texlive/2012/texmf-dist/tex/latex/geometry/geometry.sty
Package: geometry 2010/09/12 v5.6 Page Geometry

(/usr/local/texlive/2012/texmf-dist/tex/generic/oberdiek/ifpdf.sty
Package: ifpdf 2011/01/30 v2.3 Provides the ifpdf switch (HO)
Package ifpdf Info: pdfTeX in PDF mode is detected.
)
(/usr/local/texlive/2012/texmf-dist/tex/generic/oberdiek/ifvtex.sty
Package: ifvtex 2010/03/01 v1.5 Detect VTeX and its facilities (HO)
Package ifvtex Info: VTeX not detected.
)
(/usr/local/texlive/2012/texmf-dist/tex/generic/ifxetex/ifxetex.sty
Package: ifxetex 2010/09/12 v0.6 Provides ifxetex conditional
)
\Gm@cnth=\count101
\Gm@cntv=\count102
\c@Gm@tempcnt=\count103
\Gm@bindingoffset=\dimen118
\Gm@wd@mp=\dimen119
\Gm@odd@mp=\dimen120
\Gm@even@mp=\dimen121
\Gm@layoutwidth=\dimen122
\Gm@layoutheight=\dimen123
\Gm@layouthoffset=\dimen124
\Gm@layoutvoffset=\dimen125
\Gm@dimlist=\toks24
)
(./finalReport.aux)
\openout1 = `finalReport.aux'.

LaTeX Font Info:    Checking defaults for OML/cmm/m/it on input line 42.
LaTeX Font Info:    ... okay on input line 42.
LaTeX Font Info:    Checking defaults for T1/cmr/m/n on input line 42.
LaTeX Font Info:    ... okay on input line 42.
LaTeX Font Info:    Checking defaults for OT1/cmr/m/n on input line 42.
LaTeX Font Info:    ... okay on input line 42.
LaTeX Font Info:    Checking defaults for OMS/cmsy/m/n on input line 42.
LaTeX Font Info:    ... okay on input line 42.
LaTeX Font Info:    Checking defaults for OMX/cmex/m/n on input line 42.
LaTeX Font Info:    ... okay on input line 42.
LaTeX Font Info:    Checking defaults for U/cmr/m/n on input line 42.
LaTeX Font Info:    ... okay on input line 42.

(/usr/local/texlive/2012/texmf-dist/tex/context/base/supp-pdf.mkii
[Loading MPS to PDF converter (version 2006.09.02).]
\scratchcounter=\count104
\scratchdimen=\dimen126
\scratchbox=\box30
\nofMPsegments=\count105
\nofMParguments=\count106
\everyMPshowfont=\toks25
\MPscratchCnt=\count107
\MPscratchDim=\dimen127
\MPnumerator=\count108
\makeMPintoPDFobject=\count109
\everyMPtoPDFconversion=\toks26
) (/usr/local/texlive/2012/texmf-dist/tex/generic/oberdiek/pdftexcmds.sty
Package: pdftexcmds 2011/11/29 v0.20 Utility functions of pdfTeX for LuaTeX (HO
)

(/usr/local/texlive/2012/texmf-dist/tex/generic/oberdiek/ifluatex.sty
Package: ifluatex 2010/03/01 v1.3 Provides the ifluatex switch (HO)
Package ifluatex Info: LuaTeX not detected.
)
Package pdftexcmds Info: LuaTeX not detected.
Package pdftexcmds Info: \pdf@primitive is available.
Package pdftexcmds Info: \pdf@ifprimitive is available.
Package pdftexcmds Info: \pdfdraftmode found.
)
(/usr/local/texlive/2012/texmf-dist/tex/latex/oberdiek/epstopdf-base.sty
Package: epstopdf-base 2010/02/09 v2.5 Base part for package epstopdf

(/usr/local/texlive/2012/texmf-dist/tex/latex/oberdiek/grfext.sty
Package: grfext 2010/08/19 v1.1 Manage graphics extensions (HO)

(/usr/local/texlive/2012/texmf-dist/tex/generic/oberdiek/kvdefinekeys.sty
Package: kvdefinekeys 2011/04/07 v1.3 Define keys (HO)
))
(/usr/local/texlive/2012/texmf-dist/tex/latex/oberdiek/kvoptions.sty
Package: kvoptions 2011/06/30 v3.11 Key value format for package options (HO)

(/usr/local/texlive/2012/texmf-dist/tex/generic/oberdiek/kvsetkeys.sty
Package: kvsetkeys 2012/04/25 v1.16 Key value parser (HO)

(/usr/local/texlive/2012/texmf-dist/tex/generic/oberdiek/etexcmds.sty
Package: etexcmds 2011/02/16 v1.5 Avoid name clashes with e-TeX commands (HO)
Package etexcmds Info: Could not find \expanded.
(etexcmds)             That can mean that you are not using pdfTeX 1.50 or
(etexcmds)             that some package has redefined \expanded.
(etexcmds)             In the latter case, load this package earlier.
)))
Package grfext Info: Graphics extension search list:
(grfext)             [.png,.pdf,.jpg,.mps,.jpeg,.jbig2,.jb2,.PNG,.PDF,.JPG,.JPE
G,.JBIG2,.JB2,.eps]
(grfext)             \AppendGraphicsExtensions on input line 452.

(/usr/local/texlive/2012/texmf-dist/tex/latex/latexconfig/epstopdf-sys.cfg
File: epstopdf-sys.cfg 2010/07/13 v1.3 Configuration of (r)epstopdf for TeX Liv
e
))
*geometry* driver: auto-detecting
*geometry* detected driver: pdftex
*geometry* verbose mode - [ preamble ] result:
* driver: pdftex
* paper: <default>
* layout: <same size as paper>
* layoutoffset:(h,v)=(0.0pt,0.0pt)
* modes: 
* h-part:(L,W,R)=(54.06006pt, 506.17488pt, 54.06006pt)
* v-part:(T,H,B)=(54.06006pt, 686.84987pt, 54.06006pt)
* \paperwidth=614.295pt
* \paperheight=794.96999pt
* \textwidth=506.17488pt
* \textheight=686.84987pt
* \oddsidemargin=-18.20993pt
* \evensidemargin=-18.20993pt
* \topmargin=-18.20993pt
* \headheight=0.0pt
* \headsep=0.0pt
* \topskip=10.0pt
* \footskip=30.0pt
* \marginparwidth=4.0pt
* \marginparsep=10.0pt
* \columnsep=10.0pt
* \skip\footins=9.0pt plus 4.0pt minus 2.0pt
* \hoffset=0.0pt
* \voffset=0.0pt
* \mag=1000
* \@twocolumntrue
* \@twosidefalse
* \@mparswitchfalse
* \@reversemarginfalse
* (1in=72.27pt=25.4mm, 1cm=28.453pt)

LaTeX Font Info:    Try loading font information for U+msa on input line 44.
(/usr/local/texlive/2012/texmf-dist/tex/latex/amsfonts/umsa.fd
File: umsa.fd 2009/06/22 v3.00 AMS symbols A
)
LaTeX Font Info:    Try loading font information for U+msb on input line 44.

(/usr/local/texlive/2012/texmf-dist/tex/latex/amsfonts/umsb.fd
File: umsb.fd 2009/06/22 v3.00 AMS symbols B
)
Overfull \hbox (1.62962pt too wide) detected at line 74
\OML/cmm/m/it/10 J\OT1/cmr/m/n/10 (\OML/cmm/m/it/10 W; b\OT1/cmr/m/n/10 ) = [] 
[] \OML/cmm/m/it/10 `\OT1/cmr/m/n/10 (\OML/cmm/m/it/10 h[]\OT1/cmr/m/n/10 (\OML
/cmm/m/it/10 x[]\OT1/cmr/m/n/10 )\OML/cmm/m/it/10 ; x[]\OT1/cmr/m/n/10 ) + \OML
/cmm/m/it/10 ^^U \OT1/cmr/m/n/10 (\OML/cmm/m/it/10 W; b\OT1/cmr/m/n/10 ) + \OML
/cmm/m/it/10 ^^L [] ^^^\OT1/cmr/m/n/10 ([])
 []

[1{/usr/local/texlive/2012/texmf-var/fonts/map/pdftex/updmap/pdftex.map}


]
<aeFigs/sigmoid.png, id=15, 240.9pt x 239.89626pt>
File: aeFigs/sigmoid.png Graphic file (type png)
 <use aeFigs/sigmoid.png>
Package pdftex.def Info: aeFigs/sigmoid.png used on input line 159.
(pdftex.def)             Requested size: 75.92314pt x 75.60431pt.

<aeFigs/atan.png, id=17, 224.84pt x 223.83624pt>
File: aeFigs/atan.png Graphic file (type png)
 <use aeFigs/atan.png>
Package pdftex.def Info: aeFigs/atan.png used on input line 160.
(pdftex.def)             Requested size: 75.92314pt x 75.58415pt.

<aeFigs/id.png, id=18, 220.825pt x 221.82875pt>
File: aeFigs/id.png Graphic file (type png)
 <use aeFigs/id.png>
Package pdftex.def Info: aeFigs/id.png used on input line 161.
(pdftex.def)             Requested size: 75.92314pt x 76.26697pt.

<aeFigs/sin.png, id=19, 237.88875pt x 235.88126pt>
File: aeFigs/sin.png Graphic file (type png)
 <use aeFigs/sin.png>
Package pdftex.def Info: aeFigs/sin.png used on input line 162.
(pdftex.def)             Requested size: 75.92314pt x 75.28198pt.

<aeFigs/pca.png, id=20, 222.8325pt x 223.83624pt>
File: aeFigs/pca.png Graphic file (type png)
 <use aeFigs/pca.png>
Package pdftex.def Info: aeFigs/pca.png used on input line 163.
(pdftex.def)             Requested size: 75.92314pt x 76.26384pt.

Overfull \hbox (22.96394pt too wide) in paragraph at lines 155--173
 [][] 
 []


Overfull \vbox (5.52562pt too high) detected at line 194
 []

<saeFigs/sigmoidNone.png, id=21, 238.8925pt x 236.885pt>
File: saeFigs/sigmoidNone.png Graphic file (type png)

<use saeFigs/sigmoidNone.png>
Package pdftex.def Info: saeFigs/sigmoidNone.png used on input line 196.
(pdftex.def)             Requested size: 75.92314pt x 75.28424pt.

<saeFigs/atanNone.png, id=22, 241.90375pt x 239.89626pt>
File: saeFigs/atanNone.png Graphic file (type png)

<use saeFigs/atanNone.png>
Package pdftex.def Info: saeFigs/atanNone.png used on input line 197.
(pdftex.def)             Requested size: 75.92314pt x 75.29317pt.

<saeFigs/idNone.png, id=23, 231.86626pt x 229.85875pt>
File: saeFigs/idNone.png Graphic file (type png)

<use saeFigs/idNone.png>
Package pdftex.def Info: saeFigs/idNone.png used on input line 198.
(pdftex.def)             Requested size: 75.92314pt x 75.26437pt.
 <saeFigs/sineNone.png, id=24, 240.9pt x 239.89626pt>
File: saeFigs/sineNone.png Graphic file (type png)

<use saeFigs/sineNone.png>
Package pdftex.def Info: saeFigs/sineNone.png used on input line 199.
(pdftex.def)             Requested size: 75.92314pt x 75.60431pt.

<saeFigs/sigmoidL1.png, id=25, 237.88875pt x 236.885pt>
File: saeFigs/sigmoidL1.png Graphic file (type png)

<use saeFigs/sigmoidL1.png>
Package pdftex.def Info: saeFigs/sigmoidL1.png used on input line 201.
(pdftex.def)             Requested size: 75.92314pt x 75.60233pt.

<saeFigs/atanL1.png, id=26, 239.89626pt x 237.88875pt>
File: saeFigs/atanL1.png Graphic file (type png)

<use saeFigs/atanL1.png>
Package pdftex.def Info: saeFigs/atanL1.png used on input line 202.
(pdftex.def)             Requested size: 75.92314pt x 75.28745pt.
 <saeFigs/idL1.png, id=27, 234.8775pt x 234.8775pt>
File: saeFigs/idL1.png Graphic file (type png)

<use saeFigs/idL1.png>
Package pdftex.def Info: saeFigs/idL1.png used on input line 203.
(pdftex.def)             Requested size: 75.92314pt x 75.92212pt.
 <saeFigs/sineL1.png, id=28, 232.87pt x 231.86626pt>
File: saeFigs/sineL1.png Graphic file (type png)

<use saeFigs/sineL1.png>
Package pdftex.def Info: saeFigs/sineL1.png used on input line 204.
(pdftex.def)             Requested size: 75.92314pt x 75.5962pt.

<saeFigs/sigmoidL2.png, id=29, 229.85875pt x 229.85875pt>
File: saeFigs/sigmoidL2.png Graphic file (type png)

<use saeFigs/sigmoidL2.png>
Package pdftex.def Info: saeFigs/sigmoidL2.png used on input line 206.
(pdftex.def)             Requested size: 75.92314pt x 75.92375pt.

<saeFigs/atanL2.png, id=30, 229.85875pt x 229.85875pt>
File: saeFigs/atanL2.png Graphic file (type png)

<use saeFigs/atanL2.png>
Package pdftex.def Info: saeFigs/atanL2.png used on input line 207.
(pdftex.def)             Requested size: 75.92314pt x 75.92375pt.
 <saeFigs/idL2.png, id=31, 226.8475pt x 227.85126pt>
File: saeFigs/idL2.png Graphic file (type png)

<use saeFigs/idL2.png>
Package pdftex.def Info: saeFigs/idL2.png used on input line 208.
(pdftex.def)             Requested size: 75.92314pt x 76.2585pt.
 <saeFigs/sineL2.png, id=32, 239.89626pt x 238.8925pt>
File: saeFigs/sineL2.png Graphic file (type png)

<use saeFigs/sineL2.png>
Package pdftex.def Info: saeFigs/sineL2.png used on input line 209.
(pdftex.def)             Requested size: 75.92314pt x 75.60512pt.

<saeFigs/sigmoidKL.png, id=33, 233.87375pt x 233.87375pt>
File: saeFigs/sigmoidKL.png Graphic file (type png)

<use saeFigs/sigmoidKL.png>
Package pdftex.def Info: saeFigs/sigmoidKL.png used on input line 211.
(pdftex.def)             Requested size: 75.92314pt x 75.92241pt.

<saeFigs/atanKL.png, id=34, 223.83624pt x 220.825pt>
File: saeFigs/atanKL.png Graphic file (type png)
 <use saeFigs/atanKL.png>
Package pdftex.def Info: saeFigs/atanKL.png used on input line 212.
(pdftex.def)             Requested size: 75.92314pt x 74.90091pt.

<saeFigs/sineKL.png, id=35, 240.9pt x 238.8925pt>
File: saeFigs/sineKL.png Graphic file (type png)
 <use saeFigs/sineKL.png>
Package pdftex.def Info: saeFigs/sineKL.png used on input line 215.
(pdftex.def)             Requested size: 75.92314pt x 75.28798pt.

Underfull \hbox (badness 5954) in paragraph at lines 246--246
[]\OT1/cmr/bx/n/14.4 Generalized Sparse Au-toen-
 []


Overfull \hbox (1.62962pt too wide) detected at line 258
\OML/cmm/m/it/10 J\OT1/cmr/m/n/10 (\OML/cmm/m/it/10 W; b\OT1/cmr/m/n/10 ) = [] 
[] \OML/cmm/m/it/10 `\OT1/cmr/m/n/10 (\OML/cmm/m/it/10 h[]\OT1/cmr/m/n/10 (\OML
/cmm/m/it/10 x[]\OT1/cmr/m/n/10 )\OML/cmm/m/it/10 ; x[]\OT1/cmr/m/n/10 ) + \OML
/cmm/m/it/10 ^^U \OT1/cmr/m/n/10 (\OML/cmm/m/it/10 W; b\OT1/cmr/m/n/10 ) + \OML
/cmm/m/it/10 ^^L [] ^^^\OT1/cmr/m/n/10 ([])
 []


Overfull \hbox (16.21068pt too wide) in paragraph at lines 308--308
[] 
 []


Overfull \hbox (26.4563pt too wide) in paragraph at lines 316--316
[] 
 []

(./finalReport.bbl [2]) [3

 <./aeFigs/sigmoid.png> <./aeFigs/atan.png> <./aeFigs/id.png> <./aeFigs/sin.png
> <./aeFigs/pca.png>] [4 <./saeFigs/sigmoidNone.png> <./saeFigs/atanNone.png> <
./saeFigs/idNone.png> <./saeFigs/sineNone.png> <./saeFigs/sigmoidL1.png> <./sae
Figs/atanL1.png> <./saeFigs/idL1.png> <./saeFigs/sineL1.png> <./saeFigs/sigmoid
L2.png> <./saeFigs/atanL2.png> <./saeFigs/idL2.png> <./saeFigs/sineL2.png> <./s
aeFigs/sigmoidKL.png> <./saeFigs/atanKL.png> <./saeFigs/sineKL.png>] (./finalRe
port.aux) ) 
Here is how much of TeX's memory you used:
 3312 strings out of 493488
 45338 string characters out of 3141326
 132028 words of memory out of 3000000
 6529 multiletter control sequences out of 15000+200000
 11878 words of font info for 47 fonts, out of 3000000 for 9000
 957 hyphenation exceptions out of 8191
 38i,19n,32p,706b,394s stack positions out of 5000i,500n,10000p,200000b,50000s
</usr/local/texlive/2012/texmf-dist/fonts/type1/public/amsfonts/cm/c
mbx12.pfb></usr/local/texlive/2012/texmf-dist/fonts/type1/public/amsfonts/cm/cm
ex10.pfb></usr/local/texlive/2012/texmf-dist/fonts/type1/public/amsfonts/cm/cmm
i10.pfb></usr/local/texlive/2012/texmf-dist/fonts/type1/public/amsfonts/cm/cmmi
5.pfb></usr/local/texlive/2012/texmf-dist/fonts/type1/public/amsfonts/cm/cmmi7.
pfb></usr/local/texlive/2012/texmf-dist/fonts/type1/public/amsfonts/cm/cmmi8.pf
b></usr/local/texlive/2012/texmf-dist/fonts/type1/public/amsfonts/cm/cmr10.pfb>
</usr/local/texlive/2012/texmf-dist/fonts/type1/public/amsfonts/cm/cmr12.pfb></
usr/local/texlive/2012/texmf-dist/fonts/type1/public/amsfonts/cm/cmr17.pfb></us
r/local/texlive/2012/texmf-dist/fonts/type1/public/amsfonts/cm/cmr5.pfb></usr/l
ocal/texlive/2012/texmf-dist/fonts/type1/public/amsfonts/cm/cmr6.pfb></usr/loca
l/texlive/2012/texmf-dist/fonts/type1/public/amsfonts/cm/cmr7.pfb></usr/local/t
exlive/2012/texmf-dist/fonts/type1/public/amsfonts/cm/cmr8.pfb></usr/local/texl
ive/2012/texmf-dist/fonts/type1/public/amsfonts/cm/cmsy10.pfb></usr/local/texli
ve/2012/texmf-dist/fonts/type1/public/amsfonts/cm/cmsy7.pfb></usr/local/texlive
/2012/texmf-dist/fonts/type1/public/amsfonts/cm/cmti10.pfb></usr/local/texlive/
2012/texmf-dist/fonts/type1/public/amsfonts/cm/cmtt10.pfb></usr/local/texlive/2
012/texmf-dist/fonts/type1/public/amsfonts/cm/cmtt12.pfb></usr/local/texlive/20
12/texmf-dist/fonts/type1/public/amsfonts/symbols/msbm10.pfb>
Output written on finalReport.pdf (4 pages, 724321 bytes).
PDF statistics:
 134 PDF objects out of 1000 (max. 8388607)
 68 compressed objects within 1 object stream
 0 named destinations out of 1000 (max. 500000)
 101 words of extra memory for PDF output out of 10000 (max. 10000000)

